TN:
SF:/Users/rogernomen/Documents/Mango/mango-ng-components/projects/mango-ng-components/src/test.ts
FNF:0
FNH:0
DA:8,1
DA:10,1
DA:12,1
LF:3
LH:3
BRF:0
BRH:0
end_of_record
TN:
SF:/Users/rogernomen/Documents/Mango/mango-ng-components/projects/mango-ng-components/src/lib/ngc-datepicker/ngc-datepicker.module.config.ts
FNF:0
FNH:0
DA:2,1
DA:22,1
LF:2
LH:2
BRF:0
BRH:0
end_of_record
TN:
SF:/Users/rogernomen/Documents/Mango/mango-ng-components/projects/mango-ng-components/src/lib/ngc-datepicker/ngc-datepicker.module.ts
FN:1,(anonymous_0)
FN:12,(anonymous_1)
FN:13,NgcDatepickerModule
FNF:3
FNH:3
FNDA:1,(anonymous_0)
FNDA:1,(anonymous_1)
FNDA:1,NgcDatepickerModule
DA:1,1
DA:2,1
DA:3,1
DA:4,1
DA:5,1
DA:12,1
DA:15,1
DA:29,1
LF:8
LH:8
BRDA:1,0,0,1
BRDA:1,0,1,0
BRDA:1,0,2,1
BRDA:2,1,0,1
BRDA:2,1,1,0
BRDA:2,2,0,0
BRDA:2,2,1,0
BRDA:3,3,0,0
BRDA:3,3,1,1
BRDA:3,4,0,1
BRDA:3,4,1,1
BRDA:4,5,0,1
BRDA:4,5,1,0
BRDA:4,6,0,1
BRDA:4,6,1,0
BRDA:4,7,0,1
BRDA:4,7,1,0
BRDA:4,8,0,0
BRDA:4,8,1,0
BRDA:5,9,0,1
BRDA:5,9,1,0
BRDA:5,9,2,0
BRF:22
BRH:10
end_of_record
TN:
SF:/Users/rogernomen/Documents/Mango/mango-ng-components/projects/mango-ng-components/src/lib/ngc-datepicker/components/ngc-datepicker/ngc-datepicker.component.ts
FN:1,(anonymous_0)
FN:7,(anonymous_1)
FN:19,(anonymous_2)
FN:22,(anonymous_3)
FN:23,NgcDatepickerComponent
FN:31,(anonymous_5)
FN:32,(anonymous_6)
FN:34,(anonymous_7)
FN:42,(anonymous_8)
FN:47,(anonymous_9)
FN:51,(anonymous_10)
FN:55,(anonymous_11)
FN:86,(anonymous_12)
FN:91,(anonymous_13)
FN:96,(anonymous_14)
FN:101,(anonymous_15)
FN:109,(anonymous_16)
FN:118,(anonymous_17)
FN:121,(anonymous_18)
FN:126,(anonymous_19)
FN:132,(anonymous_20)
FN:146,(anonymous_21)
FN:155,(anonymous_22)
FN:158,(anonymous_23)
FN:161,(anonymous_24)
FN:167,(anonymous_25)
FNF:26
FNH:20
FNDA:6,(anonymous_0)
FNDA:6,(anonymous_1)
FNDA:13,(anonymous_2)
FNDA:1,(anonymous_3)
FNDA:13,NgcDatepickerComponent
FNDA:0,(anonymous_5)
FNDA:6,(anonymous_6)
FNDA:18,(anonymous_7)
FNDA:1,(anonymous_8)
FNDA:20,(anonymous_9)
FNDA:140,(anonymous_10)
FNDA:21,(anonymous_11)
FNDA:20,(anonymous_12)
FNDA:1,(anonymous_13)
FNDA:6,(anonymous_14)
FNDA:175,(anonymous_15)
FNDA:6,(anonymous_16)
FNDA:2,(anonymous_17)
FNDA:0,(anonymous_18)
FNDA:4,(anonymous_19)
FNDA:2,(anonymous_20)
FNDA:0,(anonymous_21)
FNDA:0,(anonymous_22)
FNDA:0,(anonymous_23)
FNDA:0,(anonymous_24)
FNDA:633,(anonymous_25)
DA:1,1
DA:2,6
DA:3,6
DA:4,12
DA:5,6
DA:7,1
DA:8,6
DA:12,1
DA:17,1
DA:19,13
DA:22,1
DA:24,13
DA:25,13
DA:26,13
DA:27,13
DA:28,13
DA:29,13
DA:30,13
DA:31,13
DA:32,13
DA:34,1
DA:35,18
DA:36,18
DA:37,18
DA:38,18
DA:39,18
DA:40,18
DA:42,1
DA:43,1
DA:44,1
DA:45,1
DA:47,1
DA:48,20
DA:49,20
DA:50,20
DA:51,20
DA:52,140
DA:55,1
DA:56,21
DA:57,21
DA:58,21
DA:62,21
DA:63,21
DA:64,21
DA:65,21
DA:66,21
DA:67,21
DA:68,21
DA:69,21
DA:70,21
DA:71,21
DA:72,742
DA:73,110
DA:74,110
DA:77,632
DA:78,632
DA:79,632
DA:83,742
DA:86,1
DA:87,20
DA:88,20
DA:89,20
DA:91,1
DA:92,1
DA:93,1
DA:94,1
DA:96,1
DA:97,6
DA:98,1
DA:100,5
DA:101,5
DA:102,175
DA:104,5
DA:105,5
DA:106,5
DA:107,5
DA:109,1
DA:110,6
DA:111,6
DA:112,2
DA:115,4
DA:118,1
DA:119,2
DA:120,2
DA:121,2
DA:122,0
DA:126,1
DA:127,4
DA:128,0
DA:129,0
DA:132,1
DA:133,2
DA:134,1
DA:135,1
DA:136,1
DA:137,1
DA:138,1
DA:139,1
DA:143,1
DA:146,1
DA:147,0
DA:148,0
DA:149,0
DA:152,0
DA:155,1
DA:156,0
DA:158,1
DA:159,0
DA:161,1
DA:162,0
DA:163,0
DA:164,0
DA:167,1
DA:168,633
DA:169,0
DA:170,0
DA:173,0
DA:177,633
DA:180,1
DA:184,1
DA:188,1
DA:192,1
DA:196,1
DA:200,1
DA:210,1
LF:125
LH:110
BRDA:1,0,0,1
BRDA:1,0,1,0
BRDA:1,0,2,1
BRDA:2,1,0,1
BRDA:2,1,1,5
BRDA:2,2,0,0
BRDA:2,2,1,5
BRDA:3,3,0,0
BRDA:3,3,1,6
BRDA:3,4,0,6
BRDA:3,4,1,6
BRDA:4,5,0,12
BRDA:4,5,1,0
BRDA:4,6,0,12
BRDA:4,6,1,11
BRDA:4,7,0,2
BRDA:4,7,1,10
BRDA:4,8,0,10
BRDA:4,8,1,0
BRDA:5,9,0,6
BRDA:5,9,1,5
BRDA:5,9,2,0
BRDA:7,10,0,1
BRDA:7,10,1,0
BRDA:7,10,2,1
BRDA:8,11,0,6
BRDA:8,11,1,0
BRDA:8,12,0,6
BRDA:8,12,1,6
BRDA:72,13,0,110
BRDA:72,13,1,632
BRDA:72,14,0,742
BRDA:72,14,1,680
BRDA:79,15,0,632
BRDA:79,15,1,21
BRDA:79,15,2,19
BRDA:97,16,0,1
BRDA:97,16,1,5
BRDA:102,17,0,175
BRDA:102,17,1,5
BRDA:111,18,0,2
BRDA:111,18,1,4
BRDA:120,19,0,2
BRDA:120,19,1,0
BRDA:127,20,0,0
BRDA:127,20,1,4
BRDA:133,21,0,1
BRDA:133,21,1,1
BRDA:135,22,0,1
BRDA:135,22,1,0
BRDA:147,23,0,0
BRDA:147,23,1,0
BRDA:162,24,0,0
BRDA:162,24,1,0
BRDA:168,25,0,0
BRDA:168,25,1,633
BRDA:168,26,0,633
BRDA:168,26,1,0
BRDA:169,27,0,0
BRDA:169,27,1,0
BRDA:169,28,0,0
BRDA:169,28,1,0
BRDA:170,29,0,0
BRDA:170,29,1,0
BRF:64
BRH:41
end_of_record
TN:
SF:/Users/rogernomen/Documents/Mango/mango-ng-components/projects/mango-ng-components/src/lib/ngc-datepicker/models/CalendarElement.imp.ts
FN:1,(anonymous_0)
FN:2,CalendarElementImp
FN:13,(anonymous_2)
FN:16,(anonymous_3)
FN:23,(anonymous_4)
FN:26,(anonymous_5)
FN:33,(anonymous_6)
FN:36,(anonymous_7)
FN:43,(anonymous_8)
FN:46,(anonymous_9)
FNF:10
FNH:7
FNDA:1,(anonymous_0)
FNDA:743,CalendarElementImp
FNDA:2814,(anonymous_2)
FNDA:0,(anonymous_3)
FNDA:916,(anonymous_4)
FNDA:0,(anonymous_5)
FNDA:1829,(anonymous_6)
FNDA:175,(anonymous_7)
FNDA:1820,(anonymous_8)
FNDA:0,(anonymous_9)
DA:1,1
DA:3,743
DA:4,743
DA:5,743
DA:6,743
DA:7,743
DA:8,743
DA:9,743
DA:10,743
DA:12,1
DA:14,2814
DA:17,0
DA:22,1
DA:24,916
DA:27,0
DA:32,1
DA:34,1829
DA:37,175
DA:42,1
DA:44,1820
DA:47,0
DA:52,1
LF:22
LH:19
BRF:0
BRH:0
end_of_record
TN:
SF:/Users/rogernomen/Documents/Mango/mango-ng-components/projects/mango-ng-components/src/lib/ngc-datepicker/models/TodayDate.imp.ts
FN:1,(anonymous_0)
FN:2,TodayDateImp
FN:11,(anonymous_2)
FN:14,(anonymous_3)
FN:21,(anonymous_4)
FN:24,(anonymous_5)
FN:31,(anonymous_6)
FN:34,(anonymous_7)
FNF:8
FNH:5
FNDA:1,(anonymous_0)
FNDA:31,TodayDateImp
FNDA:632,(anonymous_2)
FNDA:0,(anonymous_3)
FNDA:21,(anonymous_4)
FNDA:0,(anonymous_5)
FNDA:19,(anonymous_6)
FNDA:0,(anonymous_7)
DA:1,1
DA:3,31
DA:4,31
DA:5,31
DA:6,31
DA:7,31
DA:8,31
DA:10,1
DA:12,632
DA:15,0
DA:20,1
DA:22,21
DA:25,0
DA:30,1
DA:32,19
DA:35,0
DA:40,1
LF:17
LH:14
BRF:0
BRH:0
end_of_record
